Started: 21-Feb-2013 17:51
1	1	2	1	44	6.895338e+000	1.031699e+000	1	7.951405e+000	
1	2	2	2	48	8.317609e+000	1.640290e+000	2	9.967075e+000	
1	3	2	2	47	1.033358e+001	1.999794e+000	2	1.209961e+001	
1	4	2	1	45	1.246618e+001	1.145965e+000	1	1.363247e+001	
1	5	2	1	46	1.399896e+001	1.034876e+000	1	1.504862e+001	
1	6	2	2	49	1.541513e+001	1.550711e+000	2	1.698134e+001	
1	7	2	1	43	1.734783e+001	7.660204e-001	1	1.813088e+001	
2	1	1	1	3	2.426204e+001	7.987990e-001	1	2.507848e+001	
2	2	1	2	5	2.544496e+001	7.737550e-001	2	2.622807e+001	
2	3	1	1	1	2.659462e+001	5.221280e-001	1	2.712775e+001	
2	4	1	2	7	2.749425e+001	1.128657e+000	2	2.864388e+001	
2	5	1	2	6	2.901038e+001	6.784533e-001	1	2.971019e+001	
2	6	1	1	2	3.007668e+001	6.611892e-001	2	3.075982e+001	
2	7	1	1	4	3.112631e+001	2.004854e-001	1	3.134298e+001	
3	1	3	1	85	4.167265e+001	8.829556e-001	1	4.257245e+001	
3	2	3	1	86	4.293886e+001	1.172643e+000	1	4.412185e+001	
3	3	3	2	89	4.448831e+001	1.056278e+000	2	4.555465e+001	
3	4	3	2	90	4.592114e+001	1.207399e+000	2	4.713745e+001	
3	5	3	1	87	4.750400e+001	1.001588e+000	1	4.852029e+001	
3	6	3	1	88	4.888678e+001	1.238001e+000	1	5.013647e+001	
3	7	3	2	91	5.050288e+001	1.977151e+000	2	5.226902e+001	
4	1	4	1	128	5.906656e+001	1.132803e+000	1	6.021627e+001	
4	2	4	2	131	6.058273e+001	1.552645e+000	2	6.214888e+001	
4	3	4	2	132	6.251544e+001	1.433828e+000	2	6.396490e+001	
4	4	4	1	127	6.433140e+001	8.911882e-001	1	6.523110e+001	
4	5	4	1	130	6.559763e+001	9.826219e-001	1	6.659732e+001	
4	6	4	1	129	6.696381e+001	1.897921e+000	1	6.872984e+001	
4	7	4	2	133	6.909639e+001	1.451058e+000	2	7.056257e+001	
5	1	2	1	53	7.646051e+001	1.463703e+000	1	7.794333e+001	
5	2	2	1	52	7.830984e+001	8.944846e-001	1	7.922623e+001	
5	3	2	2	55	7.959274e+001	1.386549e+000	2	8.099228e+001	
5	4	2	2	54	8.135878e+001	1.195462e+000	2	8.257506e+001	
5	5	2	1	50	8.294155e+001	8.865670e-001	1	8.384128e+001	
5	6	2	1	51	8.420778e+001	9.442268e-001	1	8.517419e+001	
5	7	2	2	56	8.554065e+001	8.836147e-001	2	8.644037e+001	
6	1	1	1	11	9.387109e+001	8.111062e-001	1	9.470417e+001	
6	2	1	1	10	9.507065e+001	8.863860e-001	1	9.597044e+001	
6	3	1	2	13	9.633692e+001	9.860337e-001	2	9.733657e+001	
6	4	1	2	12	9.770307e+001	1.148796e+000	2	9.886937e+001	
6	5	1	1	9	9.923587e+001	9.138245e-001	1	1.001690e+002	
6	6	1	1	8	1.005354e+002	1.090391e+000	1	1.016351e+002	
6	7	1	2	14	1.020016e+002	8.964557e-001	2	1.029180e+002	
7	1	3	1	93	1.112650e+002	8.349736e-001	1	1.121148e+002	
7	2	3	2	96	1.124812e+002	9.274271e-001	2	1.134143e+002	
7	3	3	1	94	1.137808e+002	7.439091e-001	1	1.145307e+002	
7	4	3	2	97	1.148971e+002	1.291624e+000	2	1.161967e+002	
7	5	3	1	95	1.165631e+002	6.847167e-001	1	1.172630e+002	
7	6	3	2	98	1.176295e+002	8.332864e-001	2	1.184792e+002	
7	7	3	1	92	1.188457e+002	1.048913e+000	1	1.199120e+002	
8	1	4	1	137	1.286756e+002	1.455966e+000	1	1.301418e+002	
8	2	4	2	138	1.305083e+002	1.402638e+000	2	1.319245e+002	
8	3	4	2	140	1.322910e+002	1.117580e+000	2	1.334240e+002	
8	4	4	1	134	1.337905e+002	1.137262e+000	1	1.349401e+002	
8	5	4	1	136	1.353066e+002	1.181837e+000	1	1.365063e+002	
8	6	4	2	139	1.368727e+002	1.265787e+000	2	1.381557e+002	
8	7	4	1	135	1.385222e+002	9.292515e-001	1	1.394719e+002	
9	1	2	1	57	1.460695e+002	1.202766e+000	1	1.472858e+002	
9	2	2	2	61	1.476523e+002	9.880843e-001	2	1.486520e+002	
9	3	2	2	62	1.490185e+002	1.667830e+000	2	1.507013e+002	
9	4	2	1	59	1.510678e+002	0	0	1.528338e+002	
9	5	2	1	60	1.532004e+002	6.727129e-001	1	1.538835e+002	
9	6	2	2	63	1.542500e+002	9.892028e-001	2	1.552498e+002	
9	7	2	1	58	1.556162e+002	1.112002e+000	1	1.567492e+002	
10	1	1	1	18	1.634634e+002	1.038931e+000	1	1.645131e+002	
10	2	1	1	16	1.648796e+002	1.182859e+000	1	1.660792e+002	
10	3	1	1	17	1.664457e+002	9.573773e-001	1	1.674121e+002	
10	4	1	2	19	1.677786e+002	9.385836e-001	2	1.687283e+002	
10	5	1	1	15	1.690948e+002	9.432992e-001	1	1.700446e+002	
10	6	1	2	20	1.704110e+002	1.508050e+000	1	1.719272e+002	
10	7	1	2	21	1.722937e+002	8.713701e-001	2	1.731934e+002	
11	1	3	1	101	1.808740e+002	1.400945e+000	1	1.822902e+002	
11	2	3	2	104	1.826567e+002	1.245144e+000	2	1.839230e+002	
11	3	3	2	103	1.842895e+002	1.305368e+000	2	1.856058e+002	
11	4	3	1	99	1.859722e+002	1.590853e+000	2	1.875718e+002	
11	5	3	1	100	1.879382e+002	0	0	1.897043e+002	
11	6	3	2	105	1.900708e+002	1.147043e+000	2	1.912371e+002	
11	7	3	1	102	1.916036e+002	1.372265e+000	2	1.930032e+002	
12	1	4	1	141	1.982679e+002	1.256849e+000	1	1.995342e+002	
12	2	4	1	143	1.999007e+002	1.905620e+000	1	2.016667e+002	
12	3	4	2	146	2.020333e+002	1.008749e+000	2	2.030497e+002	
12	4	4	2	147	2.034161e+002	1.958225e+000	2	2.051823e+002	
12	5	4	1	142	2.055487e+002	1.330972e+000	1	2.068983e+002	
12	6	4	2	145	2.072648e+002	0	0	2.090308e+002	
12	7	4	1	144	2.093974e+002	1.562337e+000	1	2.109802e+002	
13	1	1	1	22	2.156619e+002	1.414079e+000	1	2.170948e+002	
13	2	1	1	23	2.174612e+002	7.683042e-001	1	2.182444e+002	
13	3	1	2	28	2.186109e+002	9.006728e-001	2	2.195272e+002	
13	4	1	1	24	2.198937e+002	1.024159e+000	1	2.209267e+002	
13	5	1	1	25	2.212932e+002	1.650230e+000	1	2.229594e+002	
13	6	1	2	27	2.233259e+002	1.542466e+000	2	2.248754e+002	
13	7	1	2	26	2.252419e+002	8.175918e-001	1	2.260749e+002	
14	1	2	1	66	2.330725e+002	0	0	2.348385e+002	
14	2	2	1	64	2.352050e+002	9.563236e-001	1	2.361715e+002	
14	3	2	2	69	2.365379e+002	9.164058e-001	1	2.374710e+002	
14	4	2	1	67	2.378375e+002	1.038812e+000	1	2.388872e+002	
14	5	2	2	70	2.392536e+002	1.225702e+000	2	2.404866e+002	
14	6	2	2	68	2.408531e+002	1.444171e+000	2	2.423193e+002	
14	7	2	1	65	2.426858e+002	1.201598e+000	1	2.439021e+002	
15	1	3	1	109	2.504664e+002	1.316764e+000	1	2.517993e+002	
15	2	3	2	110	2.521658e+002	8.784734e-001	2	2.530655e+002	
15	3	3	2	112	2.534320e+002	1.093859e+000	2	2.545317e+002	
15	4	3	1	106	2.548982e+002	8.770213e-001	1	2.557813e+002	
15	5	3	1	107	2.561477e+002	1.410427e+000	1	2.575640e+002	
15	6	3	2	111	2.579305e+002	9.445991e-001	2	2.588968e+002	
15	7	3	1	108	2.592633e+002	1.023944e+000	1	2.603130e+002	
16	1	4	1	148	2.678603e+002	1.073817e+000	1	2.689433e+002	
16	2	4	2	154	2.693099e+002	1.408140e+000	1	2.707260e+002	
16	3	4	1	151	2.710925e+002	7.866789e-001	1	2.718923e+002	
16	4	4	1	149	2.722588e+002	1.202041e+000	1	2.734751e+002	
16	5	4	1	150	2.738415e+002	1.317877e+000	1	2.751745e+002	
16	6	4	2	153	2.755410e+002	9.973328e-001	2	2.765573e+002	
16	7	4	2	152	2.769238e+002	1.584259e+000	2	2.785233e+002	
17	1	1	1	30	2.852709e+002	1.634767e+000	1	2.869204e+002	
17	2	1	2	33	2.872868e+002	1.661843e+000	2	2.889697e+002	
17	3	1	1	29	2.893361e+002	7.226078e-001	1	2.900693e+002	
17	4	1	2	34	2.904357e+002	1.460966e+000	2	2.919187e+002	
17	5	1	1	32	2.922851e+002	1.316925e+000	1	2.936180e+002	
17	6	1	1	31	2.939846e+002	7.823291e-001	2	2.947843e+002	
17	7	1	2	35	2.951508e+002	1.453816e+000	2	2.966170e+002	
18	1	3	1	115	3.026648e+002	9.009073e-001	1	3.035812e+002	
18	2	3	2	117	3.039477e+002	9.378228e-001	2	3.048975e+002	
18	3	3	1	113	3.052640e+002	7.036187e-001	1	3.059804e+002	
18	4	3	2	119	3.063469e+002	8.745866e-001	2	3.072300e+002	
18	5	3	2	118	3.075964e+002	1.175057e+000	2	3.087795e+002	
18	6	3	1	114	3.091459e+002	6.736436e-001	1	3.098290e+002	
18	7	3	1	116	3.101955e+002	1.079956e+000	1	3.112952e+002	
19	1	2	1	72	3.200588e+002	0	0	3.218248e+002	
19	2	2	1	71	3.221913e+002	1.968465e+000	1	3.239574e+002	
19	3	2	1	73	3.243239e+002	1.044356e+000	1	3.253903e+002	
19	4	2	2	76	3.257567e+002	1.301517e+000	1	3.270730e+002	
19	5	2	2	75	3.274395e+002	0	0	3.292055e+002	
19	6	2	1	74	3.295721e+002	1.279074e+000	1	3.308717e+002	
19	7	2	2	77	3.312382e+002	1.202292e+000	2	3.324544e+002	
20	1	4	1	158	3.374693e+002	9.461968e-001	1	3.384357e+002	
20	2	4	2	161	3.388022e+002	1.056204e+000	2	3.398685e+002	
20	3	4	1	155	3.402350e+002	8.743548e-001	1	3.411181e+002	
20	4	4	2	160	3.414846e+002	1.439574e+000	2	3.429341e+002	
20	5	4	1	156	3.433006e+002	7.077425e-001	1	3.440171e+002	
20	6	4	2	159	3.443836e+002	9.247339e-001	2	3.453166e+002	
20	7	4	1	157	3.456831e+002	9.120040e-001	1	3.466162e+002	
21	1	3	1	122	3.548632e+002	7.077232e-001	1	3.555797e+002	
21	2	3	2	125	3.559462e+002	7.697499e-001	2	3.567293e+002	
21	3	3	1	121	3.570958e+002	5.750942e-001	1	3.576790e+002	
21	4	3	2	124	3.580454e+002	6.614902e-001	2	3.587286e+002	
21	5	3	2	126	3.590951e+002	9.837789e-001	2	3.600949e+002	
21	6	3	1	120	3.604613e+002	8.867367e-001	1	3.613610e+002	
21	7	3	1	123	3.617275e+002	1.009616e+000	1	3.627605e+002	
22	1	1	1	37	3.722738e+002	1.383943e+000	1	3.736734e+002	
22	2	1	1	39	3.740399e+002	7.622096e-001	1	3.748230e+002	
22	3	1	2	40	3.751894e+002	6.493644e-001	2	3.758559e+002	
22	4	1	2	42	3.762224e+002	9.444948e-001	2	3.771888e+002	
22	5	1	1	36	3.775553e+002	8.286894e-001	1	3.784050e+002	
22	6	1	1	38	3.787716e+002	1.044302e+000	1	3.798379e+002	
22	7	1	2	41	3.802044e+002	1.056330e+000	2	3.812874e+002	
23	1	2	1	80	3.896679e+002	1.175903e+000	1	3.908507e+002	
23	2	2	2	83	3.912172e+002	8.923973e-001	2	3.921170e+002	
23	3	2	1	78	3.924834e+002	5.541141e-001	1	3.930500e+002	
23	4	2	1	79	3.934164e+002	7.480921e-001	1	3.941829e+002	
23	5	2	1	81	3.945494e+002	7.343656e-001	2	3.952991e+002	
23	6	2	2	82	3.956656e+002	1.145628e+000	2	3.968319e+002	
23	7	2	2	84	3.971984e+002	1.370037e+000	2	3.985813e+002	
24	1	4	1	164	4.070616e+002	1.087907e+000	1	4.081614e+002	
24	2	4	1	163	4.085278e+002	7.894598e-001	1	4.093276e+002	
24	3	4	2	168	4.096941e+002	7.553214e-001	2	4.104606e+002	
24	4	4	1	162	4.108270e+002	6.733661e-001	1	4.115103e+002	
24	5	4	1	165	4.118766e+002	8.196017e-001	1	4.127098e+002	
24	6	4	2	166	4.130762e+002	8.340624e-001	2	4.139260e+002	
24	7	4	2	167	4.142925e+002	1.362821e+000	2	4.156754e+002	
