Started: 10-Apr-2013 18:31
1	1	2	1	44	6.887164e+000	6.965008e-001	1	7.606703e+000	
1	2	2	2	48	7.966250e+000	1.034844e+000	2	9.019271e+000	
1	3	2	2	47	9.379098e+000	1.078742e+000	2	1.047204e+001	
1	4	2	1	45	1.083190e+001	6.818837e-001	1	1.152505e+001	
1	5	2	1	46	1.188486e+001	6.849640e-001	1	1.257805e+001	
1	6	2	2	49	1.293782e+001	1.090166e+000	2	1.404415e+001	
1	7	2	1	43	1.440399e+001	7.465200e-001	1	1.517705e+001	
2	1	1	1	3	2.426718e+001	9.484133e-001	1	2.522693e+001	
2	2	1	2	5	2.558673e+001	7.896701e-001	2	2.638647e+001	
2	3	1	1	1	2.674635e+001	8.373615e-001	1	2.759937e+001	
2	4	1	2	7	2.795922e+001	8.531366e-001	2	2.882566e+001	
2	5	1	2	6	2.918549e+001	8.959222e-001	2	3.009181e+001	
2	6	1	1	2	3.045170e+001	9.809197e-001	1	3.145134e+001	
2	7	1	1	4	3.181127e+001	9.040709e-001	1	3.273088e+001	
3	1	3	1	85	4.166112e+001	1.742070e+000	1	4.342054e+001	
3	2	3	1	86	4.378034e+001	9.367122e-001	1	4.472667e+001	
3	3	3	2	89	4.508654e+001	7.415432e-001	2	4.584626e+001	
3	4	3	2	90	4.621948e+001	7.885013e-001	2	4.701919e+001	
3	5	3	1	87	4.737912e+001	6.859245e-001	1	4.808550e+001	
3	6	3	1	88	4.844537e+001	8.059145e-001	1	4.925841e+001	
3	7	3	2	91	4.963162e+001	7.203041e-001	2	5.037812e+001	
4	1	4	1	128	5.906830e+001	5.377392e-001	1	5.961484e+001	
4	2	4	2	131	5.998798e+001	7.200556e-001	2	6.072108e+001	
4	3	4	2	132	6.109425e+001	8.077326e-001	1	6.192070e+001	
4	4	4	1	127	6.229384e+001	6.848651e-001	1	6.298691e+001	
4	5	4	1	130	6.336020e+001	8.792770e-001	1	6.425314e+001	
4	6	4	1	129	6.462634e+001	1.076524e+000	1	6.571935e+001	
4	7	4	2	133	6.609255e+001	7.600272e-001	2	6.687889e+001	
5	1	2	1	53	7.646226e+001	7.353842e-001	1	7.720865e+001	
5	2	2	1	52	7.756846e+001	9.849791e-001	1	7.856827e+001	
5	3	2	2	55	7.892797e+001	7.544958e-001	2	7.970109e+001	
5	4	2	2	54	8.006090e+001	1.185402e+000	2	8.126051e+001	
5	5	2	1	50	8.162036e+001	7.680620e-001	1	8.240683e+001	
5	6	2	1	51	8.276662e+001	9.058666e-001	1	8.368638e+001	
5	7	2	2	56	8.404622e+001	8.260514e-001	2	8.489922e+001	
6	1	1	1	11	9.386938e+001	7.036925e-001	1	9.458912e+001	
6	2	1	1	10	9.494899e+001	7.670856e-001	1	9.573539e+001	
6	3	1	2	13	9.609526e+001	8.049087e-001	2	9.690840e+001	
6	4	1	2	12	9.726818e+001	8.277703e-001	2	9.810794e+001	
6	5	1	1	9	9.846783e+001	1.039215e+000	1	9.952073e+001	
6	6	1	1	8	9.988059e+001	9.273986e-001	1	1.008269e+002	
6	7	1	2	14	1.011869e+002	7.699586e-001	2	1.019732e+002	
7	1	3	1	93	1.112632e+002	6.221863e-001	1	1.119030e+002	
7	2	3	2	96	1.122763e+002	7.204972e-001	2	1.130093e+002	
7	3	3	1	94	1.133826e+002	6.773306e-001	1	1.140756e+002	
7	4	3	2	97	1.144488e+002	6.950192e-001	2	1.151552e+002	
7	5	3	1	95	1.155285e+002	8.720008e-001	1	1.164082e+002	
7	6	3	2	98	1.167814e+002	7.833309e-001	2	1.175810e+002	
7	7	3	1	92	1.179542e+002	7.403335e-001	1	1.187140e+002	
8	1	4	1	137	1.286705e+002	6.925819e-001	2	1.293769e+002	
8	2	4	2	138	1.297501e+002	1.051082e+000	2	1.308164e+002	
8	3	4	2	140	1.311896e+002	9.196314e-001	2	1.321226e+002	
8	4	4	1	134	1.324958e+002	9.734968e-001	1	1.334822e+002	
8	5	4	1	136	1.338553e+002	7.858680e-001	1	1.346550e+002	
8	6	4	2	139	1.350282e+002	8.480386e-001	2	1.358947e+002	
8	7	4	1	135	1.362678e+002	1.054631e+000	1	1.373474e+002	
9	1	2	1	57	1.460643e+002	6.317897e-001	1	1.467041e+002	
9	2	2	2	61	1.470640e+002	7.649557e-001	2	1.478503e+002	
9	3	2	2	62	1.482102e+002	1.051724e+000	2	1.492765e+002	
9	4	2	1	59	1.496364e+002	1.029676e+000	1	1.506761e+002	
9	5	2	1	60	1.510359e+002	1.175038e+000	1	1.522222e+002	
9	6	2	2	63	1.525821e+002	1.099853e+000	2	1.537016e+002	
9	7	2	1	58	1.540613e+002	1.201719e+000	2	1.552876e+002	
10	1	1	1	18	1.634714e+002	8.662616e-001	1	1.643510e+002	
10	2	1	1	16	1.647109e+002	1.140657e+000	1	1.658705e+002	
10	3	1	1	17	1.662304e+002	1.023081e+000	1	1.672700e+002	
10	4	1	2	19	1.676299e+002	8.538148e-001	2	1.684965e+002	
10	5	1	1	15	1.688563e+002	1.169092e+000	2	1.700425e+002	
10	6	1	2	20	1.704024e+002	9.900646e-001	2	1.714154e+002	
10	7	1	2	21	1.717753e+002	8.539074e-001	2	1.726550e+002	
11	1	3	1	101	1.808653e+002	7.671066e-001	1	1.816518e+002	
11	2	3	2	104	1.820116e+002	1.099931e+000	2	1.831179e+002	
11	3	3	2	103	1.834778e+002	8.693377e-001	1	1.843709e+002	
11	4	3	1	99	1.847306e+002	8.695810e-001	1	1.856105e+002	
11	5	3	1	100	1.859702e+002	7.388047e-001	1	1.867300e+002	
11	6	3	2	105	1.870898e+002	1.331475e+000	1	1.884361e+002	
11	7	3	1	102	1.887959e+002	9.403072e-001	1	1.897556e+002	
12	1	4	1	141	1.982592e+002	7.656577e-001	1	1.990457e+002	
12	2	4	1	143	1.994055e+002	9.053498e-001	1	2.003252e+002	
12	3	4	2	146	2.006850e+002	6.758634e-001	2	2.013781e+002	
12	4	4	2	147	2.017380e+002	9.530065e-001	2	2.026979e+002	
12	5	4	1	142	2.030575e+002	7.852251e-001	1	2.038572e+002	
12	6	4	2	145	2.042171e+002	9.815623e-001	2	2.052169e+002	
12	7	4	1	144	2.055767e+002	7.980901e-001	1	2.063898e+002	
13	1	1	1	22	2.156664e+002	9.432141e-001	2	2.166262e+002	
13	2	1	1	23	2.169859e+002	1.259523e+000	1	2.182655e+002	
13	3	1	2	28	2.186253e+002	8.849971e-001	2	2.195185e+002	
13	4	1	1	24	2.198783e+002	1.191281e+000	1	2.210913e+002	
13	5	1	1	25	2.214510e+002	8.243637e-001	1	2.222908e+002	
13	6	1	2	27	2.226506e+002	7.067107e-001	2	2.233704e+002	
13	7	1	2	26	2.237303e+002	9.560292e-001	2	2.247165e+002	
14	1	2	1	66	2.330602e+002	8.018934e-001	1	2.338866e+002	
14	2	2	1	64	2.342465e+002	9.705931e-001	1	2.352328e+002	
14	3	2	2	69	2.355927e+002	1.090189e+000	2	2.366991e+002	
14	4	2	1	67	2.370589e+002	9.011161e-001	1	2.379785e+002	
14	5	2	2	70	2.383384e+002	9.764355e-001	2	2.393249e+002	
14	6	2	2	68	2.396846e+002	9.980412e-001	2	2.406975e+002	
14	7	2	1	65	2.410574e+002	7.543389e-001	1	2.418305e+002	
15	1	3	1	109	2.504674e+002	6.873635e-001	1	2.511738e+002	
15	2	3	2	110	2.515337e+002	6.632635e-001	2	2.522137e+002	
15	3	3	2	112	2.525733e+002	6.986561e-001	2	2.532799e+002	
15	4	3	1	106	2.536396e+002	6.277475e-001	1	2.542795e+002	
15	5	3	1	107	2.546393e+002	8.013244e-001	1	2.554524e+002	
15	6	3	2	111	2.558122e+002	7.534936e-001	2	2.565727e+002	
15	7	3	1	108	2.569318e+002	8.408483e-001	1	2.577982e+002	
16	1	4	1	148	2.678613e+002	7.731783e-001	1	2.686478e+002	
16	2	4	2	154	2.690075e+002	8.308949e-001	2	2.698606e+002	
16	3	4	1	151	2.702204e+002	1.192958e+000	1	2.714333e+002	
16	4	4	1	149	2.717932e+002	8.589988e-001	1	2.726597e+002	
16	5	4	1	150	2.730194e+002	9.908087e-001	1	2.740324e+002	
16	6	4	2	153	2.743923e+002	7.851349e-001	2	2.751922e+002	
16	7	4	2	152	2.755519e+002	8.524044e-001	2	2.764315e+002	
17	1	1	1	30	2.852684e+002	9.645049e-001	1	2.862547e+002	
17	2	1	2	33	2.866146e+002	7.545611e-001	2	2.873878e+002	
17	3	1	1	29	2.877475e+002	8.735617e-001	1	2.886277e+002	
17	4	1	2	34	2.889871e+002	8.248928e-001	2	2.898268e+002	
17	5	1	1	32	2.901868e+002	7.931204e-001	1	2.909998e+002	
17	6	1	1	31	2.913596e+002	8.373270e-001	1	2.922127e+002	
17	7	1	2	35	2.925725e+002	8.124022e-001	2	2.934122e+002	
18	1	3	1	115	3.026623e+002	1.689564e+000	1	3.043685e+002	
18	2	3	2	117	3.047282e+002	7.394158e-001	2	3.054880e+002	
18	3	3	1	113	3.058478e+002	6.758754e-001	1	3.065410e+002	
18	4	3	2	119	3.069008e+002	9.446047e-001	2	3.078606e+002	
18	5	3	2	118	3.082204e+002	1.333363e+000	2	3.095665e+002	
18	6	3	1	114	3.099264e+002	6.923842e-001	1	3.106328e+002	
18	7	3	1	116	3.109926e+002	1.667837e+000	1	3.126855e+002	
19	1	2	1	72	3.200694e+002	9.079456e-001	1	3.210024e+002	
19	2	2	1	71	3.213623e+002	8.371935e-001	1	3.222155e+002	
19	3	2	1	73	3.225752e+002	8.850254e-001	1	3.234816e+002	
19	4	2	2	76	3.238414e+002	1.029698e+000	2	3.248812e+002	
19	5	2	2	75	3.252410e+002	8.572585e-001	2	3.261206e+002	
19	6	2	1	74	3.264805e+002	9.436406e-001	1	3.274401e+002	
19	7	2	2	77	3.278001e+002	9.080548e-001	2	3.287331e+002	
20	1	4	1	158	3.374633e+002	6.927299e-001	1	3.381699e+002	
20	2	4	2	161	3.385296e+002	7.842856e-001	2	3.393293e+002	
20	3	4	1	155	3.396891e+002	7.277800e-001	1	3.404355e+002	
20	4	4	2	160	3.407954e+002	7.634870e-001	2	3.415687e+002	
20	5	4	1	156	3.419283e+002	7.084418e-001	1	3.426615e+002	
20	6	4	2	159	3.430213e+002	9.355749e-001	2	3.439811e+002	
20	7	4	1	157	3.443408e+002	6.840976e-001	1	3.450472e+002	
21	1	3	1	122	3.548705e+002	6.130741e-001	1	3.554969e+002	
21	2	3	2	125	3.558567e+002	8.728310e-001	2	3.567497e+002	
21	3	3	1	121	3.571096e+002	6.688876e-001	1	3.578027e+002	
21	4	3	2	124	3.581626e+002	6.378601e-001	2	3.588157e+002	
21	5	3	2	126	3.591756e+002	5.778885e-001	1	3.597754e+002	
21	6	3	1	120	3.601352e+002	1.309232e+000	2	3.614549e+002	
21	7	3	1	123	3.618146e+002	1.212816e+000	1	3.630542e+002	
22	1	1	1	37	3.722643e+002	9.859802e-001	1	3.732641e+002	
22	2	1	1	39	3.736238e+002	1.214390e+000	1	3.748502e+002	
22	3	1	2	40	3.752099e+002	7.666098e-001	2	3.759831e+002	
22	4	1	2	42	3.763428e+002	9.189306e-001	2	3.772760e+002	
22	5	1	1	36	3.776357e+002	8.951751e-001	1	3.785554e+002	
22	6	1	1	38	3.789152e+002	7.008385e-001	1	3.796351e+002	
22	7	1	2	41	3.799957e+002	7.002804e-001	2	3.807280e+002	
23	1	2	1	80	3.896714e+002	1.243442e+000	1	3.909245e+002	
23	2	2	2	83	3.912842e+002	7.645659e-001	2	3.920706e+002	
23	3	2	1	78	3.924304e+002	8.173197e-001	1	3.932702e+002	
23	4	2	1	79	3.936301e+002	7.878616e-001	1	3.944299e+002	
23	5	2	1	81	3.947896e+002	1.236182e+000	1	3.960425e+002	
23	6	2	2	82	3.964024e+002	7.670940e-001	2	3.971888e+002	
23	7	2	2	84	3.975486e+002	7.838225e-001	2	3.983485e+002	
24	1	4	1	164	4.070653e+002	5.872050e-001	1	4.076650e+002	
24	2	4	1	163	4.080249e+002	6.935813e-001	1	4.087313e+002	
24	3	4	2	168	4.090913e+002	7.522745e-001	1	4.098511e+002	
24	4	4	1	162	4.102108e+002	1.161797e+000	1	4.113839e+002	
24	5	4	1	165	4.117436e+002	1.040750e+000	1	4.127967e+002	
24	6	4	2	166	4.131564e+002	9.331179e-001	2	4.141029e+002	
24	7	4	2	167	4.144626e+002	8.967301e-001	2	4.153824e+002	
