Started: 28-Feb-2013 12:43
1	1	2	1	44	6.854712e+000	1.241247e+000	1	8.107709e+000	
1	2	2	2	48	8.467463e+000	1.693485e+000	2	1.017353e+001	
1	3	2	2	47	1.053340e+001	0	0	1.229283e+001	
1	4	2	1	45	1.265273e+001	2.055050e-001	2	1.286604e+001	
1	5	2	1	46	1.322582e+001	8.709664e-001	1	1.410560e+001	
1	6	2	2	49	1.446536e+001	1.185553e+000	2	1.566493e+001	
1	7	2	1	43	1.602481e+001	8.678772e-001	1	1.690451e+001	
2	1	1	1	3	2.426193e+001	1.398805e+000	1	2.567481e+001	
2	2	1	2	5	2.603464e+001	1.113045e+000	2	2.715425e+001	
2	3	1	1	1	2.751412e+001	1.138249e+000	1	2.866041e+001	
2	4	1	2	7	2.902026e+001	1.236267e+000	2	3.025982e+001	
2	5	1	2	6	3.061970e+001	1.224906e+000	1	3.184593e+001	
2	6	1	1	2	3.220582e+001	1.417615e+000	1	3.363198e+001	
2	7	1	1	4	3.399185e+001	9.966389e-001	1	3.500484e+001	
3	1	3	1	85	4.165584e+001	1.124555e+000	1	4.278877e+001	
3	2	3	1	86	4.314865e+001	1.384691e+000	1	4.453482e+001	
3	3	3	2	89	4.489470e+001	8.556015e-001	2	4.576106e+001	
3	4	3	2	90	4.612096e+001	9.682967e-001	2	4.709392e+001	
3	5	3	1	87	4.745380e+001	1.011418e+000	1	4.846677e+001	
3	6	3	1	88	4.882665e+001	8.266880e-001	1	4.966636e+001	
3	7	3	2	91	5.002624e+001	1.062035e+000	2	5.110594e+001	
4	1	4	1	128	5.906310e+001	9.830199e-001	1	6.004938e+001	
4	2	4	2	131	6.040927e+001	1.068890e+000	2	6.148895e+001	
4	3	4	2	132	6.184877e+001	1.221211e+000	2	6.307503e+001	
4	4	4	1	127	6.343490e+001	7.711836e-001	1	6.420793e+001	
4	5	4	1	130	6.456784e+001	1.073171e+000	1	6.564742e+001	
4	6	4	1	129	6.600730e+001	1.092669e+000	1	6.711368e+001	
4	7	4	2	133	6.747346e+001	1.404443e+000	2	6.888629e+001	
5	1	2	1	53	7.645698e+001	1.182757e+000	1	7.764322e+001	
5	2	2	1	52	7.800310e+001	1.088680e+000	1	7.909604e+001	
5	3	2	2	55	7.945592e+001	8.686022e-001	2	8.033562e+001	
5	4	2	2	54	8.069549e+001	1.205234e+000	2	8.190840e+001	
5	5	2	1	50	8.226828e+001	9.232048e-001	1	8.320128e+001	
5	6	2	1	51	8.356116e+001	9.006207e-001	1	8.446752e+001	
5	7	2	2	56	8.482738e+001	9.784286e-001	2	8.582706e+001	
6	1	1	1	11	9.386421e+001	1.329366e+000	1	9.519707e+001	
6	2	1	1	10	9.555695e+001	9.245147e-001	1	9.648995e+001	
6	3	1	2	13	9.684984e+001	1.114637e+000	2	9.796946e+001	
6	4	1	2	12	9.832937e+001	9.010427e-001	2	9.923566e+001	
6	5	1	1	9	9.959554e+001	8.069580e-001	1	1.004086e+002	
6	6	1	1	8	1.007685e+002	8.089020e-001	1	1.015815e+002	
6	7	1	2	14	1.019414e+002	8.401122e-001	2	1.027944e+002	
7	1	3	1	93	1.112582e+002	8.090228e-001	1	1.120712e+002	
7	2	3	2	96	1.124311e+002	8.052499e-001	2	1.132441e+002	
7	3	3	1	94	1.136040e+002	9.293061e-001	1	1.145370e+002	
7	4	3	2	97	1.148968e+002	8.014368e-001	2	1.157099e+002	
7	5	3	1	95	1.160698e+002	9.834694e-001	1	1.170561e+002	
7	6	3	2	98	1.174160e+002	9.511459e-001	2	1.183756e+002	
7	7	3	1	92	1.187355e+002	8.547605e-001	1	1.196019e+002	
8	1	4	1	137	1.286654e+002	1.306723e+000	1	1.299849e+002	
8	2	4	2	138	1.303448e+002	8.141063e-001	2	1.311711e+002	
8	3	4	2	140	1.315310e+002	1.276993e+000	2	1.328106e+002	
8	4	4	1	134	1.331704e+002	1.188388e+000	1	1.343700e+002	
8	5	4	1	136	1.347299e+002	7.510438e-001	1	1.354896e+002	
8	6	4	2	139	1.358495e+002	0	0	1.376089e+002	
8	7	4	1	135	1.379688e+002	2.220995e-001	2	1.382087e+002	
9	1	2	1	57	1.460593e+002	8.104204e-001	1	1.468723e+002	
9	2	2	2	61	1.472322e+002	8.625144e-001	2	1.480986e+002	
9	3	2	2	62	1.484584e+002	8.133317e-001	2	1.492848e+002	
9	4	2	1	59	1.496447e+002	7.467229e-001	1	1.504044e+002	
9	5	2	1	60	1.507643e+002	6.682572e-001	1	1.514440e+002	
9	6	2	2	63	1.518039e+002	7.777583e-001	2	1.525903e+002	
9	7	2	1	58	1.529502e+002	7.175109e-001	1	1.536833e+002	
10	1	1	1	18	1.634665e+002	1.439996e+000	1	1.649193e+002	
10	2	1	1	16	1.652792e+002	1.457127e+000	2	1.667453e+002	
10	3	1	1	17	1.671053e+002	1.497153e+000	1	1.686114e+002	
10	4	1	2	19	1.689713e+002	7.589993e-001	2	1.697443e+002	
10	5	1	1	15	1.701042e+002	9.270780e-001	1	1.710372e+002	
10	6	1	2	20	1.713971e+002	1.115068e+000	1	1.725167e+002	
10	7	1	2	21	1.728765e+002	6.726553e-001	2	1.735696e+002	
11	1	3	1	101	1.808604e+002	1.198813e+000	1	1.820733e+002	
11	2	3	2	104	1.824332e+002	7.030011e-001	2	1.831396e+002	
11	3	3	2	103	1.834995e+002	1.168531e+000	2	1.846724e+002	
11	4	3	1	99	1.850323e+002	1.072726e+000	1	1.861120e+002	
11	5	3	1	100	1.864718e+002	8.072997e-001	1	1.872848e+002	
11	6	3	2	105	1.876447e+002	7.532497e-001	2	1.884044e+002	
11	7	3	1	102	1.887643e+002	7.367845e-001	1	1.895107e+002	
12	1	4	1	141	1.982543e+002	1.038492e+000	1	1.992939e+002	
12	2	4	1	143	1.996538e+002	7.949076e-001	1	2.004535e+002	
12	3	4	2	146	2.008135e+002	6.664445e-001	2	2.014932e+002	
12	4	4	2	147	2.018530e+002	6.726067e-001	2	2.025328e+002	
12	5	4	1	142	2.028927e+002	7.651511e-001	1	2.036657e+002	
12	6	4	2	145	2.040257e+002	8.531331e-001	2	2.048920e+002	
12	7	4	1	144	2.052519e+002	7.179195e-001	1	2.059849e+002	
13	1	1	1	22	2.156615e+002	1.502757e+000	1	2.171677e+002	
13	2	1	1	23	2.175276e+002	7.569445e-001	1	2.182873e+002	
13	3	1	2	28	2.186472e+002	6.724101e-001	2	2.193269e+002	
13	4	1	1	24	2.196868e+002	7.266620e-001	1	2.204199e+002	
13	5	1	1	25	2.207797e+002	6.557924e-001	1	2.214462e+002	
13	6	1	2	27	2.218061e+002	5.723754e-001	2	2.223926e+002	
13	7	1	2	26	2.227524e+002	8.218065e-001	2	2.235921e+002	
14	1	2	1	66	2.330555e+002	1.096737e+000	1	2.341617e+002	
14	2	2	1	64	2.345216e+002	7.664072e-001	2	2.352947e+002	
14	3	2	2	69	2.356545e+002	9.596069e-001	2	2.366275e+002	
14	4	2	1	67	2.369874e+002	7.948518e-001	1	2.377872e+002	
14	5	2	2	70	2.381471e+002	1.348986e+000	1	2.395065e+002	
14	6	2	2	68	2.398664e+002	1.190725e+000	2	2.410660e+002	
14	7	2	1	65	2.414259e+002	7.012364e-001	1	2.421456e+002	
15	1	3	1	109	2.504627e+002	8.223915e-001	1	2.512891e+002	
15	2	3	2	110	2.516490e+002	6.689836e-001	2	2.523287e+002	
15	3	3	2	112	2.526886e+002	6.882948e-001	2	2.533817e+002	
15	4	3	1	106	2.537415e+002	2.056220e-001	2	2.539550e+002	
15	5	3	1	107	2.543147e+002	8.423409e-001	1	2.551677e+002	
15	6	3	2	111	2.555276e+002	7.242671e-001	2	2.562606e+002	
15	7	3	1	108	2.566205e+002	9.144290e-001	1	2.575535e+002	
16	1	4	1	148	2.678567e+002	1.061143e+000	1	2.689229e+002	
16	2	4	2	154	2.692828e+002	8.449214e-001	2	2.701358e+002	
16	3	4	1	151	2.704957e+002	7.009521e-001	1	2.712021e+002	
16	4	4	1	149	2.715620e+002	9.666592e-001	1	2.725349e+002	
16	5	4	1	150	2.728948e+002	7.768017e-001	1	2.736812e+002	
16	6	4	2	153	2.740411e+002	1.171404e+000	2	2.752140e+002	
16	7	4	2	152	2.755739e+002	1.228657e+000	2	2.768135e+002	
17	1	1	1	30	2.852638e+002	1.333504e+000	1	2.866100e+002	
17	2	1	2	33	2.869699e+002	8.104833e-001	2	2.877829e+002	
17	3	1	1	29	2.881428e+002	7.904617e-001	1	2.889425e+002	
17	4	1	2	34	2.893024e+002	9.448374e-001	2	2.902487e+002	
17	5	1	1	32	2.906086e+002	7.617425e-001	1	2.913817e+002	
17	6	1	1	31	2.917416e+002	9.596816e-001	1	2.927145e+002	
17	7	1	2	35	2.930744e+002	9.238418e-001	2	2.940074e+002	
18	1	3	1	115	3.026577e+002	7.225268e-001	1	3.033908e+002	
18	2	3	2	117	3.037507e+002	7.124844e-001	2	3.044704e+002	
18	3	3	1	113	3.048303e+002	6.048217e-001	1	3.054434e+002	
18	4	3	2	119	3.058033e+002	6.067226e-001	2	3.064164e+002	
18	5	3	2	118	3.067763e+002	8.817963e-001	2	3.076693e+002	
18	6	3	1	114	3.080292e+002	7.140236e-001	1	3.087490e+002	
18	7	3	1	116	3.091089e+002	8.999669e-001	1	3.100285e+002	
19	1	2	1	72	3.200650e+002	1.036921e+000	1	3.211049e+002	
19	2	2	1	71	3.214645e+002	9.612602e-001	1	3.224375e+002	
19	3	2	1	73	3.227973e+002	8.295799e-001	1	3.236370e+002	
19	4	2	2	76	3.239969e+002	1.345940e+000	2	3.253564e+002	
19	5	2	2	75	3.257163e+002	9.954532e-001	2	3.267160e+002	
19	6	2	1	74	3.270758e+002	1.562861e+000	1	3.286486e+002	
19	7	2	2	77	3.290086e+002	8.710460e-001	2	3.298882e+002	
20	1	4	1	158	3.374589e+002	7.776075e-001	1	3.382453e+002	
20	2	4	2	161	3.386051e+002	8.904175e-001	2	3.394982e+002	
20	3	4	1	155	3.398580e+002	7.145357e-001	1	3.405778e+002	
20	4	4	2	160	3.409377e+002	7.258331e-001	2	3.416707e+002	
20	5	4	1	156	3.420306e+002	6.519360e-001	1	3.426837e+002	
20	6	4	2	159	3.430436e+002	7.518312e-001	2	3.438033e+002	
20	7	4	1	157	3.441632e+002	9.333243e-001	1	3.451096e+002	
21	1	3	1	122	3.548661e+002	6.632191e-001	1	3.555325e+002	
21	2	3	2	125	3.558924e+002	6.488268e-001	2	3.565455e+002	
21	3	3	1	121	3.569054e+002	6.847669e-001	1	3.575985e+002	
21	4	3	2	124	3.579584e+002	6.309397e-001	2	3.585982e+002	
21	5	3	2	126	3.589581e+002	8.482660e-001	2	3.598111e+002	
21	6	3	1	120	3.601709e+002	6.140442e-001	1	3.607974e+002	
21	7	3	1	123	3.611572e+002	8.298873e-001	1	3.619969e+002	
22	1	1	1	37	3.722600e+002	1.050986e+000	1	3.733130e+002	
22	2	1	1	39	3.736728e+002	1.400018e+000	1	3.750857e+002	
22	3	1	2	40	3.754456e+002	7.134834e-001	2	3.761653e+002	
22	4	1	2	42	3.765252e+002	8.907710e-001	2	3.774182e+002	
22	5	1	1	36	3.777781e+002	1.162788e+000	1	3.789510e+002	
22	6	1	1	38	3.793109e+002	6.970858e-001	1	3.800173e+002	
22	7	1	2	41	3.803772e+002	6.376209e-001	2	3.810303e+002	
23	1	2	1	80	3.896672e+002	1.008453e+000	1	3.906802e+002	
23	2	2	2	83	3.910401e+002	1.353529e+000	2	3.923996e+002	
23	3	2	1	78	3.927596e+002	6.930904e-001	1	3.934659e+002	
23	4	2	1	79	3.938258e+002	7.888618e-001	1	3.946255e+002	
23	5	2	1	81	3.949854e+002	1.663195e+000	1	3.966515e+002	
23	6	2	2	82	3.970115e+002	1.263098e+000	2	3.982776e+002	
23	7	2	2	84	3.986374e+002	9.251806e-001	2	3.995838e+002	
24	1	4	1	164	4.070612e+002	8.163428e-001	1	4.078875e+002	
24	2	4	1	163	4.082474e+002	5.949903e-001	1	4.088472e+002	
24	3	4	2	168	4.092071e+002	7.003837e-001	2	4.099135e+002	
24	4	4	1	162	4.102734e+002	6.830646e-001	1	4.109664e+002	
24	5	4	1	165	4.113264e+002	6.890190e-001	1	4.120194e+002	
24	6	4	2	166	4.123793e+002	6.911485e-001	2	4.130724e+002	
24	7	4	2	167	4.134323e+002	7.991157e-001	2	4.142453e+002	
