Started: 09-Apr-2013 14:51
Started: 09-Apr-2013 14:53
1	1	2	1	44	6.914242e+000	1.290840e+000	1	8.234063e+000	
1	2	2	2	48	8.593676e+000	1.640038e+000	2	1.024638e+001	
1	3	2	2	47	1.060625e+001	1.169513e+000	2	1.179261e+001	
1	4	2	1	45	1.215244e+001	1.005299e+000	1	1.316536e+001	
1	5	2	1	46	1.352521e+001	1.250455e+000	1	1.479142e+001	
1	6	2	2	49	1.515131e+001	1.270871e+000	2	1.643093e+001	
1	7	2	1	43	1.679070e+001	1.008086e+000	1	1.781707e+001	
2	1	1	1	3	2.426801e+001	9.804407e-001	1	2.525434e+001	
2	2	1	2	5	2.561422e+001	1.239037e+000	2	2.686732e+001	
2	3	1	1	1	2.722699e+001	1.504446e+000	1	2.874648e+001	
2	4	1	2	7	2.910628e+001	1.270970e+000	2	3.038587e+001	
2	5	1	2	6	3.074569e+001	1.325567e+000	1	3.209187e+001	
2	6	1	1	2	3.245175e+001	1.323428e+000	1	3.378465e+001	
2	7	1	1	4	3.414447e+001	9.026171e-001	1	3.506414e+001	
3	1	3	1	85	4.166178e+001	1.246233e+000	1	4.291466e+001	
3	2	3	1	86	4.327452e+001	1.939058e+000	1	4.503389e+001	
3	3	3	2	89	4.539380e+001	1.214311e+000	2	4.662007e+001	
3	4	3	2	90	4.699320e+001	1.478868e+000	2	4.848605e+001	
3	5	3	1	87	4.884586e+001	1.172347e+000	1	5.003209e+001	
3	6	3	1	88	5.039197e+001	1.065786e+000	1	5.147170e+001	
3	7	3	2	91	5.184479e+001	1.114120e+000	2	5.297777e+001	
4	1	4	1	128	5.906891e+001	1.118511e+000	1	6.020178e+001	
4	2	4	2	131	6.057498e+001	9.524691e-001	2	6.154797e+001	
4	3	4	2	132	6.192116e+001	9.919075e-001	2	6.292086e+001	
4	4	4	1	127	6.329401e+001	8.263040e-001	1	6.413370e+001	
4	5	4	1	130	6.450690e+001	1.102490e+000	1	6.562651e+001	
4	6	4	1	129	6.599970e+001	1.145669e+000	1	6.715945e+001	
4	7	4	2	133	6.753251e+001	1.407729e+000	2	6.895865e+001	
5	1	2	1	53	7.646264e+001	9.541241e-001	1	7.743569e+001	
5	2	2	1	52	7.779546e+001	9.977765e-001	1	7.880849e+001	
5	3	2	2	55	7.916832e+001	1.304634e+000	2	8.048790e+001	
5	4	2	2	54	8.084770e+001	1.999953e+000	2	8.260706e+001	
5	5	2	1	50	8.296695e+001	8.129128e-001	1	8.379332e+001	
5	6	2	1	51	8.415318e+001	1.032178e+000	1	8.519285e+001	
5	7	2	2	56	8.555274e+001	1.227416e+000	2	8.680564e+001	
6	1	1	1	11	9.386969e+001	1.163838e+000	1	9.504260e+001	
6	2	1	1	10	9.540247e+001	8.373272e-001	1	9.625557e+001	
6	3	1	2	13	9.661540e+001	8.613622e-001	2	9.749509e+001	
6	4	1	2	12	9.785492e+001	1.196532e+000	2	9.906784e+001	
6	5	1	1	9	9.942780e+001	8.436114e-001	1	1.002808e+002	
6	6	1	1	8	1.006406e+002	8.649060e-001	1	1.015203e+002	
6	7	1	2	14	1.018801e+002	1.056159e+000	2	1.029598e+002	
7	1	3	1	93	1.112634e+002	5.627670e-001	1	1.118366e+002	
7	2	3	2	96	1.122098e+002	5.743680e-001	2	1.127962e+002	
7	3	3	1	94	1.131694e+002	6.108135e-001	1	1.137959e+002	
7	4	3	2	97	1.141691e+002	6.930428e-001	2	1.148755e+002	
7	5	3	1	95	1.152487e+002	6.293410e-001	1	1.158885e+002	
7	6	3	2	98	1.162617e+002	6.931485e-001	2	1.169681e+002	
7	7	3	1	92	1.173413e+002	6.488021e-001	1	1.180077e+002	
8	1	4	1	137	1.286706e+002	8.761884e-001	1	1.295636e+002	
8	2	4	2	138	1.299368e+002	7.139805e-001	2	1.306698e+002	
8	3	4	2	140	1.310430e+002	8.337689e-001	2	1.318827e+002	
8	4	4	1	134	1.322559e+002	6.304885e-001	1	1.328958e+002	
8	5	4	1	136	1.332689e+002	7.276688e-001	1	1.340153e+002	
8	6	4	2	139	1.343885e+002	1.140997e+000	1	1.355481e+002	
8	7	4	1	135	1.359213e+002	1.446301e+000	1	1.373876e+002	
9	1	2	1	57	1.460643e+002	9.101465e-001	1	1.469840e+002	
9	2	2	2	61	1.473438e+002	8.894354e-001	2	1.482502e+002	
9	3	2	2	62	1.486101e+002	1.300547e+000	2	1.499296e+002	
9	4	2	1	59	1.502894e+002	9.578713e-001	1	1.512625e+002	
9	5	2	1	60	1.516223e+002	6.918732e-001	1	1.523287e+002	
9	6	2	2	63	1.526886e+002	9.454779e-001	2	1.536482e+002	
9	7	2	1	58	1.540081e+002	1.002538e+000	1	1.550344e+002	
10	1	1	1	18	1.634714e+002	1.181627e+000	1	1.646709e+002	
10	2	1	1	16	1.650308e+002	1.100054e+000	1	1.661371e+002	
10	3	1	1	17	1.664969e+002	1.043990e+000	1	1.675633e+002	
10	4	1	2	19	1.679231e+002	9.395221e-001	2	1.688827e+002	
10	5	1	1	15	1.692426e+002	1.347046e+000	1	1.706022e+002	
10	6	1	2	20	1.709620e+002	1.096217e+000	2	1.720685e+002	
10	7	1	2	21	1.724282e+002	9.372938e-001	2	1.733879e+002	
11	1	3	1	101	1.808651e+002	1.508290e+000	1	1.823979e+002	
11	2	3	2	104	1.827578e+002	7.902258e-001	2	1.835575e+002	
11	3	3	2	103	1.839173e+002	1.024144e+000	1	1.849572e+002	
11	4	3	1	99	1.853168e+002	1.265631e+000	2	1.865965e+002	
11	5	3	1	100	1.869563e+002	1.108860e+000	1	1.880760e+002	
11	6	3	2	105	1.884357e+002	9.163243e-001	2	1.893687e+002	
11	7	3	1	102	1.897286e+002	9.383212e-001	1	1.906883e+002	
12	1	4	1	141	1.982589e+002	8.997854e-001	1	1.991652e+002	
12	2	4	1	143	1.995251e+002	1.294820e+000	1	2.008313e+002	
12	3	4	2	146	2.011911e+002	7.799047e-001	2	2.019779e+002	
12	4	4	2	147	2.023374e+002	1.077364e+000	2	2.034305e+002	
12	5	4	1	142	2.037902e+002	7.435353e-001	1	2.045499e+002	
12	6	4	2	145	2.049098e+002	1.301034e+000	2	2.062294e+002	
12	7	4	1	144	2.065892e+002	7.844292e-001	1	2.073890e+002	
13	1	1	1	22	2.156659e+002	1.083592e+000	1	2.167722e+002	
13	2	1	1	23	2.171322e+002	1.510361e+000	1	2.186517e+002	
13	3	1	2	28	2.190114e+002	8.222486e-001	2	2.198513e+002	
13	4	1	1	24	2.202110e+002	1.453391e+000	1	2.216771e+002	
13	5	1	1	25	2.220370e+002	7.691968e-001	1	2.228234e+002	
13	6	1	2	27	2.231832e+002	1.057295e+000	2	2.242497e+002	
13	7	1	2	26	2.246094e+002	1.435192e+000	2	2.260623e+002	
14	1	2	1	66	2.330597e+002	1.217302e+000	1	2.342861e+002	
14	2	2	1	64	2.346458e+002	1.601415e+000	2	2.362587e+002	
14	3	2	2	69	2.366184e+002	1.405761e+000	2	2.380314e+002	
14	4	2	1	67	2.383911e+002	9.628051e-001	1	2.393642e+002	
14	5	2	2	70	2.397240e+002	1.215055e+000	2	2.409502e+002	
14	6	2	2	68	2.413101e+002	1.426738e+000	2	2.427497e+002	
14	7	2	1	65	2.431095e+002	0	0	2.448821e+002	
15	1	3	1	109	2.504668e+002	1.045740e+000	1	2.515331e+002	
15	2	3	2	110	2.518929e+002	8.145735e-001	2	2.527193e+002	
15	3	3	2	112	2.530792e+002	7.532724e-001	2	2.538392e+002	
15	4	3	1	106	2.541988e+002	7.056525e-001	1	2.549186e+002	
15	5	3	1	107	2.552784e+002	7.131243e-001	1	2.560114e+002	
15	6	3	2	111	2.563714e+002	8.500413e-001	2	2.572377e+002	
15	7	3	1	108	2.575975e+002	8.779293e-001	1	2.585039e+002	
16	1	4	1	148	2.678605e+002	1.055544e+000	1	2.689270e+002	
16	2	4	2	154	2.692867e+002	1.183578e+000	2	2.704864e+002	
16	3	4	1	151	2.708461e+002	9.377238e-001	1	2.717927e+002	
16	4	4	1	149	2.721523e+002	1.151913e+000	1	2.733121e+002	
16	5	4	1	150	2.736718e+002	1.179123e+000	1	2.748582e+002	
16	6	4	2	153	2.752179e+002	1.221741e+000	2	2.764575e+002	
16	7	4	2	152	2.768173e+002	1.356531e+000	2	2.781902e+002	
17	1	1	1	30	2.852676e+002	1.567015e+000	1	2.868537e+002	
17	2	1	2	33	2.872136e+002	1.075051e+000	2	2.883067e+002	
17	3	1	1	29	2.886664e+002	1.401888e+000	1	2.900792e+002	
17	4	1	2	34	2.904391e+002	1.417702e+000	1	2.918655e+002	
17	5	1	1	32	2.922251e+002	1.999915e+000	1	2.939844e+002	
17	6	1	1	31	2.943444e+002	8.710312e-001	1	2.952374e+002	
17	7	1	2	35	2.955972e+002	1.297153e+000	2	2.969168e+002	
18	1	3	1	115	3.026613e+002	9.397987e-001	1	3.036079e+002	
18	2	3	2	117	3.039675e+002	1.039749e+000	2	3.050205e+002	
18	3	3	1	113	3.053804e+002	9.980813e-001	1	3.063934e+002	
18	4	3	2	119	3.067532e+002	1.201920e+000	2	3.079662e+002	
18	5	3	2	118	3.083260e+002	1.999972e+000	2	3.100853e+002	
18	6	3	1	114	3.104452e+002	8.498457e-001	1	3.113116e+002	
18	7	3	1	116	3.116714e+002	1.157557e+000	1	3.128577e+002	
19	1	2	1	72	3.200684e+002	9.483915e-001	1	3.210282e+002	
19	2	2	1	71	3.213879e+002	8.077845e-001	1	3.222143e+002	
19	3	2	1	73	3.225742e+002	1.299647e+000	1	3.238807e+002	
19	4	2	2	76	3.242403e+002	1.019388e+000	2	3.252799e+002	
19	5	2	2	75	3.256398e+002	1.049497e+000	2	3.267061e+002	
19	6	2	1	74	3.270659e+002	9.777130e-001	1	3.280656e+002	
19	7	2	2	77	3.284255e+002	1.250041e+000	2	3.296917e+002	
20	1	4	1	158	3.374622e+002	7.870330e-001	1	3.382620e+002	
20	2	4	2	161	3.386218e+002	7.538461e-001	2	3.393948e+002	
20	3	4	1	155	3.397547e+002	8.736690e-001	1	3.406477e+002	
20	4	4	2	160	3.410076e+002	8.614762e-001	2	3.418873e+002	
20	5	4	1	156	3.422471e+002	8.910292e-001	1	3.431534e+002	
20	6	4	2	159	3.435133e+002	7.321441e-001	2	3.442599e+002	
20	7	4	1	157	3.446196e+002	1.071469e+000	1	3.457126e+002	
21	1	3	1	122	3.548692e+002	5.336552e-001	1	3.554159e+002	
21	2	3	2	125	3.557756e+002	7.092297e-001	2	3.565087e+002	
21	3	3	1	121	3.568685e+002	5.122748e-001	1	3.573885e+002	
21	4	3	2	124	3.577482e+002	6.786796e-001	2	3.584413e+002	
21	5	3	2	126	3.588012e+002	9.138497e-001	2	3.597342e+002	
21	6	3	1	120	3.600940e+002	6.929166e-001	1	3.608006e+002	
21	7	3	1	123	3.611603e+002	8.966337e-001	1	3.620801e+002	
22	1	1	1	37	3.722630e+002	1.055356e+000	1	3.733294e+002	
22	2	1	1	39	3.736892e+002	1.489217e+000	1	3.751953e+002	
22	3	1	2	40	3.755551e+002	1.157230e+000	2	3.767280e+002	
22	4	1	2	42	3.770879e+002	1.218352e+000	2	3.783143e+002	
22	5	1	1	36	3.786740e+002	1.017196e+000	1	3.797005e+002	
22	6	1	1	38	3.800602e+002	1.603256e+000	1	3.816863e+002	
22	7	1	2	41	3.820462e+002	1.216247e+000	2	3.832858e+002	
23	1	2	1	80	3.896701e+002	8.328661e-001	1	3.905231e+002	
23	2	2	2	83	3.908830e+002	9.250308e-001	2	3.918293e+002	
23	3	2	1	78	3.921892e+002	7.337361e-001	1	3.929356e+002	
23	4	2	1	79	3.932954e+002	7.776932e-001	1	3.940820e+002	
23	5	2	1	81	3.944418e+002	2.000086e+000	2	3.962010e+002	
23	6	2	2	82	3.965609e+002	1.495141e+000	2	3.980671e+002	
23	7	2	2	84	3.984270e+002	1.208366e+000	2	3.996665e+002	
24	1	4	1	164	4.070638e+002	1.154757e+000	1	4.082368e+002	
24	2	4	1	163	4.085966e+002	7.358573e-001	1	4.093564e+002	
24	3	4	2	168	4.097162e+002	8.970331e-001	2	4.106225e+002	
24	4	4	1	162	4.109824e+002	1.022953e+000	1	4.120222e+002	
24	5	4	1	165	4.123819e+002	8.584754e-001	1	4.132616e+002	
24	6	4	2	166	4.136215e+002	8.679562e-001	2	4.145145e+002	
24	7	4	2	167	4.148743e+002	1.115905e+000	2	4.160074e+002	
