Started: 06-Mar-2013 14:22
1	1	2	1	44	6.896311e+000	1.422856e+000	1	8.402299e+000	
1	2	2	2	48	8.761884e+000	1.999810e+000	1	1.052124e+001	
1	3	2	2	47	1.088112e+001	1.999717e+000	2	1.264049e+001	
1	4	2	1	45	1.300036e+001	9.234897e-001	1	1.393344e+001	
1	5	2	1	46	1.429326e+001	9.697860e-001	1	1.527964e+001	
1	6	2	2	49	1.563946e+001	0	0	1.739883e+001	
1	7	2	1	43	1.775875e+001	9.238395e-001	1	1.870510e+001	
2	1	1	1	3	2.426310e+001	1.333652e+000	1	2.560935e+001	
2	2	1	2	5	2.596918e+001	1.131482e+000	2	2.711544e+001	
2	3	1	1	1	2.747532e+001	1.289274e+000	2	2.878167e+001	
2	4	1	2	7	2.914140e+001	1.245094e+000	2	3.039446e+001	
2	5	1	2	6	3.075416e+001	1.083529e+000	1	3.184719e+001	
2	6	1	1	2	3.220698e+001	1.185736e+000	1	3.340664e+001	
2	7	1	1	4	3.376648e+001	9.560782e-001	1	3.473950e+001	
3	1	3	1	85	4.167039e+001	1.378351e+000	1	4.305658e+001	
3	2	3	1	86	4.341639e+001	1.999697e+000	1	4.517577e+001	
3	3	3	2	89	4.553566e+001	1.350937e+000	2	4.689527e+001	
3	4	3	2	90	4.726838e+001	1.485158e+000	2	4.876133e+001	
3	5	3	1	87	4.912106e+001	1.154153e+000	1	5.029412e+001	
3	6	3	1	88	5.065386e+001	1.520311e+000	2	5.218676e+001	
3	7	3	2	91	5.255987e+001	1.126408e+000	2	5.370623e+001	
4	1	4	1	128	5.906426e+001	8.641663e-001	1	5.994408e+001	
4	2	4	2	131	6.031721e+001	1.131912e+000	2	6.146341e+001	
4	3	4	2	132	6.183662e+001	1.096395e+000	2	6.294302e+001	
4	4	4	1	127	6.331620e+001	7.732068e-001	1	6.410256e+001	
4	5	4	1	130	6.447569e+001	8.033480e-001	1	6.528880e+001	
4	6	4	1	129	6.566199e+001	9.443253e-001	1	6.662164e+001	
4	7	4	2	133	6.699489e+001	9.470663e-001	2	6.796786e+001	
5	1	2	1	53	7.647150e+001	9.712627e-001	1	7.745790e+001	
5	2	2	1	52	7.781775e+001	1.579070e+000	1	7.941713e+001	
5	3	2	2	55	7.977702e+001	1.735053e+000	2	8.152312e+001	
5	4	2	2	54	8.188293e+001	1.376743e+000	2	8.326919e+001	
5	5	2	1	50	8.362900e+001	1.667961e+000	1	8.530860e+001	
5	6	2	1	51	8.566828e+001	1.176336e+000	1	8.685467e+001	
5	7	2	2	56	8.721440e+001	1.198700e+000	2	8.842735e+001	
6	1	1	1	11	9.386549e+001	1.088011e+000	1	9.497169e+001	
6	2	1	1	10	9.533159e+001	8.449364e-001	1	9.618465e+001	
6	3	1	2	13	9.654450e+001	1.271954e+000	2	9.782406e+001	
6	4	1	2	12	9.818389e+001	1.647700e+000	1	9.985005e+001	
6	5	1	1	9	1.002099e+002	5.933957e-001	1	1.008230e+002	
6	6	1	1	8	1.011828e+002	7.576701e-001	1	1.019560e+002	
6	7	1	2	14	1.023158e+002	1.630637e+000	1	1.039686e+002	
7	1	3	1	93	1.112727e+002	1.060453e+000	1	1.123523e+002	
7	2	3	2	96	1.127255e+002	8.196890e-001	2	1.135652e+002	
7	3	3	1	94	1.139384e+002	8.218451e-001	1	1.147782e+002	
7	4	3	2	97	1.151513e+002	7.932442e-001	2	1.159511e+002	
7	5	3	1	95	1.163242e+002	1.138753e+000	1	1.174706e+002	
7	6	3	2	98	1.178437e+002	8.712027e-001	2	1.187234e+002	
7	7	3	1	92	1.190966e+002	6.627294e-001	1	1.197764e+002	
8	1	4	1	137	1.286666e+002	1.023353e+000	1	1.297062e+002	
8	2	4	2	138	1.300794e+002	1.091636e+000	2	1.311857e+002	
8	3	4	2	140	1.315589e+002	1.299106e+000	2	1.328651e+002	
8	4	4	1	134	1.332383e+002	1.022594e+000	1	1.342779e+002	
8	5	4	1	136	1.346511e+002	7.380107e-001	1	1.353976e+002	
8	6	4	2	139	1.357708e+002	1.221493e+000	2	1.370104e+002	
8	7	4	1	135	1.373835e+002	1.266612e+000	1	1.386631e+002	
9	1	2	1	57	1.460605e+002	1.151111e+000	1	1.472202e+002	
9	2	2	2	61	1.475799e+002	1.220653e+000	2	1.488196e+002	
9	3	2	2	62	1.491794e+002	2.057530e-001	2	1.493928e+002	
9	4	2	1	59	1.497525e+002	9.785530e-001	1	1.507388e+002	
9	5	2	1	60	1.510987e+002	7.438460e-001	1	1.518585e+002	
9	6	2	2	63	1.522183e+002	1.214429e+000	2	1.534446e+002	
9	7	2	1	58	1.538045e+002	8.410342e-001	1	1.546708e+002	
10	1	1	1	18	1.634677e+002	1.993339e+000	2	1.652271e+002	
10	2	1	1	16	1.655870e+002	1.341507e+000	1	1.669466e+002	
10	3	1	1	17	1.673065e+002	1.287101e+000	1	1.686127e+002	
10	4	1	2	19	1.689724e+002	9.946693e-001	2	1.699855e+002	
10	5	1	1	15	1.703453e+002	1.431793e+000	2	1.717849e+002	
10	6	1	2	20	1.721447e+002	1.459517e+000	2	1.736110e+002	
10	7	1	2	21	1.739707e+002	1.057204e+000	2	1.750503e+002	
11	1	3	1	101	1.808750e+002	1.636686e+000	1	1.825277e+002	
11	2	3	2	104	1.828876e+002	1.000764e+000	2	1.839007e+002	
11	3	3	2	103	1.842604e+002	9.726413e-001	2	1.852469e+002	
11	4	3	1	99	1.856066e+002	1.562367e+000	1	1.871928e+002	
11	5	3	1	100	1.875526e+002	9.686686e-001	1	1.885391e+002	
11	6	3	2	105	1.888988e+002	9.072508e-001	2	1.898186e+002	
11	7	3	1	102	1.901783e+002	1.178664e+000	1	1.913780e+002	
12	1	4	1	141	1.982689e+002	7.490115e-001	1	1.990419e+002	
12	2	4	1	143	1.994018e+002	1.100956e+000	1	2.005215e+002	
12	3	4	2	146	2.008813e+002	9.166362e-001	2	2.018143e+002	
12	4	4	2	147	2.021742e+002	9.195649e-001	2	2.031073e+002	
12	5	4	1	142	2.034670e+002	7.657467e-001	1	2.042403e+002	
12	6	4	2	145	2.046000e+002	1.125741e+000	2	2.057331e+002	
12	7	4	1	144	2.060928e+002	6.579925e-001	1	2.067726e+002	
13	1	1	1	22	2.156628e+002	1.594883e+000	1	2.172756e+002	
13	2	1	1	23	2.176355e+002	1.084755e+000	1	2.187286e+002	
13	3	1	2	28	2.190883e+002	1.071256e+000	2	2.201812e+002	
13	4	1	1	24	2.205410e+002	1.408693e+000	1	2.219674e+002	
13	5	1	1	25	2.223271e+002	6.992989e-001	1	2.230341e+002	
13	6	1	2	27	2.233934e+002	1.475099e+000	2	2.248864e+002	
13	7	1	2	26	2.252461e+002	1.167358e+000	2	2.264324e+002	
14	1	2	1	66	2.330701e+002	1.053267e+000	1	2.341364e+002	
14	2	2	1	64	2.344962e+002	1.257264e+000	1	2.357625e+002	
14	3	2	2	69	2.361223e+002	1.214841e+000	2	2.373486e+002	
14	4	2	1	67	2.377084e+002	8.950589e-001	1	2.386149e+002	
14	5	2	2	70	2.389746e+002	1.323958e+000	2	2.403076e+002	
14	6	2	2	68	2.406673e+002	1.123053e+000	2	2.418004e+002	
14	7	2	1	65	2.421601e+002	9.129627e-001	1	2.430932e+002	
15	1	3	1	109	2.504639e+002	1.227984e+000	1	2.517036e+002	
15	2	3	2	110	2.520634e+002	9.717583e-001	2	2.530499e+002	
15	3	3	2	112	2.534095e+002	8.717226e-001	2	2.542894e+002	
15	4	3	1	106	2.546491e+002	7.832738e-001	1	2.554488e+002	
15	5	3	1	107	2.558087e+002	7.398203e-001	1	2.565551e+002	
15	6	3	2	111	2.569150e+002	8.776694e-001	2	2.578081e+002	
15	7	3	1	108	2.581679e+002	8.020003e-001	1	2.589943e+002	
16	1	4	1	148	2.678711e+002	8.598255e-001	1	2.687378e+002	
16	2	4	2	154	2.690974e+002	1.043358e+000	2	2.701505e+002	
16	3	4	1	151	2.705102e+002	8.555471e-001	1	2.713900e+002	
16	4	4	1	149	2.717498e+002	1.230651e+000	1	2.729896e+002	
16	5	4	1	150	2.733492e+002	7.453851e-001	1	2.741090e+002	
16	6	4	2	153	2.744689e+002	1.188963e+000	2	2.756686e+002	
16	7	4	2	152	2.760283e+002	1.018260e+000	2	2.770680e+002	
17	1	1	1	30	2.852651e+002	1.121440e+000	1	2.863981e+002	
17	2	1	2	33	2.867578e+002	1.101549e+000	2	2.878776e+002	
17	3	1	1	29	2.882374e+002	8.340634e-001	1	2.890905e+002	
17	4	1	2	34	2.894503e+002	8.860529e-001	2	2.903435e+002	
17	5	1	1	32	2.907031e+002	9.355079e-001	1	2.916496e+002	
17	6	1	1	31	2.920094e+002	9.229410e-001	1	2.929425e+002	
17	7	1	2	35	2.933023e+002	1.475924e+000	2	2.948084e+002	
18	1	3	1	115	3.026590e+002	8.844286e-001	1	3.035521e+002	
18	2	3	2	117	3.039119e+002	8.492722e-001	2	3.047783e+002	
18	3	3	1	113	3.051381e+002	8.542775e-001	1	3.060046e+002	
18	4	3	2	119	3.063643e+002	8.388052e-001	2	3.072175e+002	
18	5	3	2	118	3.075772e+002	7.797199e-001	2	3.083770e+002	
18	6	3	1	114	3.087368e+002	8.922016e-001	1	3.096433e+002	
18	7	3	1	116	3.100032e+002	1.346251e+000	1	3.113627e+002	
19	1	2	1	72	3.200662e+002	1.433694e+000	1	3.215191e+002	
19	2	2	1	71	3.218789e+002	8.867148e-001	1	3.227719e+002	
19	3	2	1	73	3.231318e+002	1.696194e+000	2	3.248380e+002	
19	4	2	2	76	3.251978e+002	1.709975e+000	2	3.269173e+002	
19	5	2	2	75	3.272770e+002	1.092833e+000	2	3.283834e+002	
19	6	2	1	74	3.287432e+002	1.429521e+000	2	3.301828e+002	
19	7	2	2	77	3.305426e+002	1.286072e+000	2	3.318488e+002	
20	1	4	1	158	3.374601e+002	1.157764e+000	1	3.386331e+002	
20	2	4	2	161	3.389929e+002	1.109569e+000	2	3.401259e+002	
20	3	4	1	155	3.404857e+002	7.534725e-001	1	3.412456e+002	
20	4	4	2	160	3.416053e+002	9.183790e-001	2	3.425385e+002	
20	5	4	1	156	3.428982e+002	1.100491e+000	1	3.440050e+002	
20	6	4	2	159	3.443644e+002	1.264020e+000	2	3.456440e+002	
20	7	4	1	157	3.460038e+002	1.322617e+000	1	3.473501e+002	
21	1	3	1	122	3.548673e+002	8.993153e-001	1	3.557739e+002	
21	2	3	2	125	3.561336e+002	7.479397e-001	2	3.568934e+002	
21	3	3	1	121	3.572532e+002	5.747848e-001	1	3.578396e+002	
21	4	3	2	124	3.581995e+002	7.347598e-001	2	3.589592e+002	
21	5	3	2	126	3.593191e+002	9.164214e-001	2	3.602522e+002	
21	6	3	1	120	3.606120e+002	7.312488e-001	1	3.613584e+002	
21	7	3	1	123	3.617183e+002	6.721543e-001	1	3.624114e+002	
22	1	1	1	37	3.722612e+002	1.730716e+000	1	3.740074e+002	
22	2	1	1	39	3.743672e+002	1.157003e+000	1	3.755402e+002	
22	3	1	2	40	3.759000e+002	1.195985e+000	2	3.771129e+002	
22	4	1	2	42	3.774727e+002	1.224136e+000	2	3.787124e+002	
22	5	1	1	36	3.790722e+002	6.275125e-001	1	3.797121e+002	
22	6	1	1	38	3.800719e+002	6.542554e-001	1	3.807384e+002	
22	7	1	2	41	3.810981e+002	6.876528e-001	2	3.818047e+002	
23	1	2	1	80	3.896685e+002	1.011459e+000	1	3.906949e+002	
23	2	2	2	83	3.910547e+002	1.357373e+000	2	3.924277e+002	
23	3	2	1	78	3.927874e+002	9.652834e-001	1	3.937607e+002	
23	4	2	1	79	3.941202e+002	9.497281e-001	1	3.950799e+002	
23	5	2	1	81	3.954398e+002	1.363864e+000	1	3.968128e+002	
23	6	2	2	82	3.971725e+002	1.255046e+000	1	3.984389e+002	
23	7	2	2	84	3.987986e+002	1.098301e+000	2	3.999183e+002	
24	1	4	1	164	4.070624e+002	1.022846e+000	1	4.081021e+002	
24	2	4	1	163	4.084619e+002	7.312107e-001	1	4.092085e+002	
24	3	4	2	168	4.095682e+002	8.996291e-001	2	4.104747e+002	
24	4	4	1	162	4.108344e+002	7.009886e-001	1	4.115543e+002	
24	5	4	1	165	4.119140e+002	7.909625e-001	1	4.127137e+002	
24	6	4	2	166	4.130736e+002	7.933454e-001	2	4.138733e+002	
24	7	4	2	167	4.142333e+002	1.075147e+000	2	4.153263e+002	
